<?xml version="1.0" encoding="UTF-8"?>
<!-- Generated by org.testng.reporters.JUnitReportReporter -->
<testsuite hostname="DESKTOP-350S9QI" failures="0" tests="1" name="com.testcases.UserViewTest" time="28.056" errors="0" timestamp="2021-08-09T10:19:56 IST" skipped="0">
  <testcase classname="com.testcases.UserViewTest" name="getuserview" time="28.056"/>
  <system-out/>
</testsuite> <!-- com.testcases.UserViewTest -->
