<?xml version="1.0" encoding="UTF-8"?>
<!-- Generated by org.testng.reporters.JUnitReportReporter -->
<testsuite hostname="DESKTOP-350S9QI" failures="0" tests="3" name="com.testcases.LoginTest001" time="52.622" errors="0" timestamp="2021-08-16T10:36:22 IST" skipped="0">
  <testcase classname="com.testcases.LoginTest001" name="validationmessage" time="4.167"/>
  <system-out/>
  <testcase classname="com.testcases.LoginTest001" name="validationInvalidCred" time="16.271"/>
  <system-out/>
  <testcase classname="com.testcases.LoginTest001" name="loginapp" time="32.184"/>
  <system-out/>
</testsuite> <!-- com.testcases.LoginTest001 -->
