<?xml version="1.0" encoding="UTF-8"?>
<!-- Generated by org.testng.reporters.JUnitReportReporter -->
<testsuite hostname="DESKTOP-350S9QI" failures="0" tests="2" name="com.testcases.LocationTest" time="24.928" errors="0" timestamp="2021-08-16T13:22:03 IST" skipped="0">
  <testcase classname="com.testcases.LocationTest" name="gettitleLocation" time="21.973"/>
  <system-out/>
  <testcase classname="com.testcases.LocationTest" name="valLocation" time="2.955"/>
  <system-out/>
</testsuite> <!-- com.testcases.LocationTest -->
